2026-01-17 11:48:12.998 [main] INFO  c.w.p.WorkflowPlatformApplication - Starting WorkflowPlatformApplication using Java 17.0.16 on mine with PID 8264 (D:\JetBrains\IdeaProjects\DataLinkPlatform\backend\target\classes started by 86156 in D:\JetBrains\IdeaProjects\DataLinkPlatform\backend)
2026-01-17 11:48:12.999 [main] INFO  c.w.p.WorkflowPlatformApplication - The following 1 profile is active: "online"
2026-01-17 11:49:52.853 [main] INFO  c.w.p.WorkflowPlatformApplication - Starting WorkflowPlatformApplication using Java 17.0.16 on mine with PID 16448 (D:\JetBrains\IdeaProjects\DataLinkPlatform\backend\target\classes started by 86156 in D:\JetBrains\IdeaProjects\DataLinkPlatform\backend)
2026-01-17 11:49:52.854 [main] INFO  c.w.p.WorkflowPlatformApplication - The following 1 profile is active: "online"
2026-01-17 11:50:57.565 [main] INFO  c.w.p.WorkflowPlatformApplication - Starting WorkflowPlatformApplication using Java 17.0.16 on mine with PID 25312 (D:\JetBrains\IdeaProjects\DataLinkPlatform\backend\target\classes started by 86156 in D:\JetBrains\IdeaProjects\DataLinkPlatform\backend)
2026-01-17 11:50:57.566 [main] INFO  c.w.p.WorkflowPlatformApplication - The following 1 profile is active: "online"
2026-01-17 11:55:20.828 [main] INFO  c.w.p.WorkflowPlatformApplication - Starting WorkflowPlatformApplication using Java 17.0.16 on mine with PID 19704 (D:\JetBrains\IdeaProjects\DataLinkPlatform\backend\target\classes started by 86156 in D:\JetBrains\IdeaProjects\DataLinkPlatform\backend)
2026-01-17 11:55:20.829 [main] INFO  c.w.p.WorkflowPlatformApplication - The following 1 profile is active: "online"
2026-01-17 11:57:14.010 [main] INFO  c.w.p.WorkflowPlatformApplication - Starting WorkflowPlatformApplication using Java 17.0.16 on mine with PID 21364 (D:\JetBrains\IdeaProjects\DataLinkPlatform\backend\target\classes started by 86156 in D:\JetBrains\IdeaProjects\DataLinkPlatform\backend)
2026-01-17 11:57:14.011 [main] INFO  c.w.p.WorkflowPlatformApplication - The following 1 profile is active: "online"
2026-01-17 11:57:17.093 [main] INFO  c.w.platform.component.ModeManager - 初始化模式管理器，当前模式: ONLINE
2026-01-17 11:57:17.105 [main] INFO  c.w.p.c.ModeConsistencyChecker - 初始化模式一致性检查器
2026-01-17 11:57:17.107 [main] INFO  c.w.p.c.ModeConsistencyChecker - 模式一致性检查器初始化完成，检查间隔: 30000ms
2026-01-17 12:00:27.684 [main] INFO  c.w.p.WorkflowPlatformApplication - Starting WorkflowPlatformApplication using Java 17.0.16 on mine with PID 25676 (D:\JetBrains\IdeaProjects\DataLinkPlatform\backend\target\classes started by 86156 in D:\JetBrains\IdeaProjects\DataLinkPlatform\backend)
2026-01-17 12:00:27.684 [main] INFO  c.w.p.WorkflowPlatformApplication - The following 1 profile is active: "online"
2026-01-17 12:00:30.703 [main] INFO  c.w.platform.component.ModeManager - 初始化模式管理器，当前模式: ONLINE
2026-01-17 12:00:30.717 [main] INFO  c.w.p.c.ModeConsistencyChecker - 初始化模式一致性检查器
2026-01-17 12:00:30.719 [main] INFO  c.w.p.c.ModeConsistencyChecker - 模式一致性检查器初始化完成，检查间隔: 30000ms
2026-01-17 12:02:39.752 [main] INFO  c.w.p.WorkflowPlatformApplication - Starting WorkflowPlatformApplication using Java 17.0.16 on mine with PID 6832 (D:\JetBrains\IdeaProjects\DataLinkPlatform\backend\target\classes started by 86156 in D:\JetBrains\IdeaProjects\DataLinkPlatform\backend)
2026-01-17 12:02:39.753 [main] INFO  c.w.p.WorkflowPlatformApplication - The following 1 profile is active: "online"
2026-01-17 12:02:44.151 [main] INFO  c.w.platform.component.ModeManager - 初始化模式管理器，当前模式: ONLINE
2026-01-17 12:02:44.159 [main] INFO  c.w.p.c.ModeConsistencyChecker - 初始化模式一致性检查器
2026-01-17 12:02:44.160 [main] INFO  c.w.p.c.ModeConsistencyChecker - 模式一致性检查器初始化完成，检查间隔: 30000ms
2026-01-17 12:03:11.571 [main] INFO  c.w.p.WorkflowPlatformApplication - Starting WorkflowPlatformApplication using Java 17.0.16 on mine with PID 20612 (D:\JetBrains\IdeaProjects\DataLinkPlatform\backend\target\classes started by 86156 in D:\JetBrains\IdeaProjects\DataLinkPlatform\backend)
2026-01-17 12:03:11.573 [main] INFO  c.w.p.WorkflowPlatformApplication - The following 1 profile is active: "online"
2026-01-17 12:03:14.524 [main] INFO  c.w.platform.component.ModeManager - 初始化模式管理器，当前模式: ONLINE
2026-01-17 12:03:14.532 [main] INFO  c.w.p.c.ModeConsistencyChecker - 初始化模式一致性检查器
2026-01-17 12:03:14.534 [main] INFO  c.w.p.c.ModeConsistencyChecker - 模式一致性检查器初始化完成，检查间隔: 30000ms
2026-01-17 12:03:14.944 [main] INFO  c.w.platform.filter.ClientInfoFilter - 初始化客户端信息过滤器
2026-01-17 12:03:16.492 [main] INFO  c.w.platform.filter.ClientInfoFilter - 销毁客户端信息过滤器
2026-01-17 12:04:41.182 [main] INFO  c.w.p.WorkflowPlatformApplication - Starting WorkflowPlatformApplication using Java 17.0.16 on mine with PID 28692 (D:\JetBrains\IdeaProjects\DataLinkPlatform\backend\target\classes started by 86156 in D:\JetBrains\IdeaProjects\DataLinkPlatform\backend)
2026-01-17 12:04:41.183 [main] INFO  c.w.p.WorkflowPlatformApplication - The following 1 profile is active: "offline"
2026-01-17 12:04:44.097 [main] INFO  c.w.platform.component.ModeManager - 初始化模式管理器，当前模式: ONLINE
2026-01-17 12:04:44.105 [main] INFO  c.w.p.c.ModeConsistencyChecker - 初始化模式一致性检查器
2026-01-17 12:04:44.107 [main] INFO  c.w.p.c.ModeConsistencyChecker - 模式一致性检查器初始化完成，检查间隔: 30000ms
2026-01-17 12:04:44.523 [main] INFO  c.w.platform.filter.ClientInfoFilter - 初始化客户端信息过滤器
2026-01-17 12:04:45.942 [main] INFO  c.w.platform.filter.ClientInfoFilter - 销毁客户端信息过滤器
2026-01-17 12:07:40.244 [main] INFO  c.w.p.WorkflowPlatformApplication - Starting WorkflowPlatformApplication using Java 17.0.16 on mine with PID 24904 (D:\JetBrains\IdeaProjects\DataLinkPlatform\backend\target\classes started by 86156 in D:\JetBrains\IdeaProjects\DataLinkPlatform\backend)
2026-01-17 12:07:40.245 [main] INFO  c.w.p.WorkflowPlatformApplication - The following 1 profile is active: "offline"
2026-01-17 12:07:43.083 [main] INFO  c.w.platform.component.ModeManager - 初始化模式管理器，当前模式: ONLINE
2026-01-17 12:07:43.092 [main] INFO  c.w.p.c.ModeConsistencyChecker - 初始化模式一致性检查器
2026-01-17 12:07:43.094 [main] INFO  c.w.p.c.ModeConsistencyChecker - 模式一致性检查器初始化完成，检查间隔: 30000ms
2026-01-17 12:07:43.479 [main] INFO  c.w.platform.filter.ClientInfoFilter - 初始化客户端信息过滤器
2026-01-17 12:07:47.689 [main] INFO  c.w.platform.filter.ClientInfoFilter - 销毁客户端信息过滤器
2026-01-17 12:08:16.775 [main] INFO  c.w.p.WorkflowPlatformApplication - Starting WorkflowPlatformApplication using Java 17.0.16 on mine with PID 13748 (D:\JetBrains\IdeaProjects\DataLinkPlatform\backend\target\classes started by 86156 in D:\JetBrains\IdeaProjects\DataLinkPlatform\backend)
2026-01-17 12:08:16.776 [main] INFO  c.w.p.WorkflowPlatformApplication - The following 1 profile is active: "offline"
2026-01-17 12:08:19.993 [main] INFO  c.w.platform.component.ModeManager - 初始化模式管理器，当前模式: ONLINE
2026-01-17 12:08:20.004 [main] INFO  c.w.p.c.ModeConsistencyChecker - 初始化模式一致性检查器
2026-01-17 12:08:20.006 [main] INFO  c.w.p.c.ModeConsistencyChecker - 模式一致性检查器初始化完成，检查间隔: 30000ms
2026-01-17 12:08:20.503 [main] INFO  c.w.platform.filter.ClientInfoFilter - 初始化客户端信息过滤器
2026-01-17 12:08:23.608 [main] INFO  c.w.platform.filter.ClientInfoFilter - 销毁客户端信息过滤器
2026-01-17 12:08:59.892 [main] INFO  c.w.p.WorkflowPlatformApplication - Starting WorkflowPlatformApplication using Java 17.0.16 on mine with PID 19512 (D:\JetBrains\IdeaProjects\DataLinkPlatform\backend\target\classes started by 86156 in D:\JetBrains\IdeaProjects\DataLinkPlatform\backend)
2026-01-17 12:08:59.894 [main] INFO  c.w.p.WorkflowPlatformApplication - The following 1 profile is active: "offline"
2026-01-17 12:09:03.137 [main] INFO  c.w.platform.component.ModeManager - 初始化模式管理器，当前模式: ONLINE
2026-01-17 12:09:03.146 [main] INFO  c.w.p.c.ModeConsistencyChecker - 初始化模式一致性检查器
2026-01-17 12:09:03.148 [main] INFO  c.w.p.c.ModeConsistencyChecker - 模式一致性检查器初始化完成，检查间隔: 30000ms
2026-01-17 12:09:03.534 [main] INFO  c.w.platform.filter.ClientInfoFilter - 初始化客户端信息过滤器
2026-01-17 12:09:03.879 [main] INFO  c.w.platform.filter.ClientInfoFilter - 销毁客户端信息过滤器
2026-01-17 12:10:56.966 [main] INFO  c.w.p.WorkflowPlatformApplication - Starting WorkflowPlatformApplication using Java 17.0.16 on mine with PID 13836 (D:\JetBrains\IdeaProjects\DataLinkPlatform\backend\target\classes started by 86156 in D:\JetBrains\IdeaProjects\DataLinkPlatform\backend)
2026-01-17 12:10:56.967 [main] INFO  c.w.p.WorkflowPlatformApplication - The following 1 profile is active: "offline"
2026-01-17 12:10:59.816 [main] INFO  c.w.platform.component.ModeManager - 初始化模式管理器，当前模式: ONLINE
2026-01-17 12:10:59.826 [main] INFO  c.w.p.c.ModeConsistencyChecker - 初始化模式一致性检查器
2026-01-17 12:10:59.827 [main] INFO  c.w.p.c.ModeConsistencyChecker - 模式一致性检查器初始化完成，检查间隔: 30000ms
2026-01-17 12:11:00.163 [main] INFO  c.w.platform.filter.ClientInfoFilter - 初始化客户端信息过滤器
2026-01-17 12:11:00.405 [main] INFO  c.w.platform.filter.ClientInfoFilter - 销毁客户端信息过滤器
2026-01-17 12:13:45.820 [main] INFO  c.w.p.WorkflowPlatformApplication - Starting WorkflowPlatformApplication using Java 17.0.16 on mine with PID 13372 (D:\JetBrains\IdeaProjects\DataLinkPlatform\backend\target\classes started by 86156 in D:\JetBrains\IdeaProjects\DataLinkPlatform\backend)
2026-01-17 12:13:45.821 [main] INFO  c.w.p.WorkflowPlatformApplication - The following 1 profile is active: "offline"
2026-01-17 12:13:54.536 [main] INFO  c.w.platform.component.ModeManager - 初始化模式管理器，当前模式: ONLINE
2026-01-17 12:13:54.552 [main] INFO  c.w.p.c.ModeConsistencyChecker - 初始化模式一致性检查器
2026-01-17 12:13:54.555 [main] INFO  c.w.p.c.ModeConsistencyChecker - 模式一致性检查器初始化完成，检查间隔: 30000ms
2026-01-17 12:13:56.556 [main] INFO  c.w.platform.filter.ClientInfoFilter - 初始化客户端信息过滤器
2026-01-17 12:13:57.344 [main] INFO  c.w.platform.filter.ClientInfoFilter - 销毁客户端信息过滤器
